[debug] > Exec(early(addDefaultCommands), None, None)
[debug] > Exec(addDefaultCommands, None, None)
[debug] > Exec(early(initialize), None, None)
[debug] > Exec(initialize, None, None)
[debug] > Exec(early(addPluginSbtFile="""C:\Users\ragav\AppData\Local\Temp\idea.sbt"""), None, None)
[debug] > Exec(addPluginSbtFile="""C:\Users\ragav\AppData\Local\Temp\idea.sbt""", None, None)
[debug] > Exec(boot, None, None)
[debug] > Exec(writeSbtVersion, None, None)
[debug] > Exec(reload, None, None)
[debug] > Exec(sbtStashOnFailure, None, None)
[debug] > Exec(onFailure loadFailed, None, None)
[debug] > Exec(loadp, None, None)
[info] welcome to sbt 1.5.5 (Amazon.com Inc. Java 1.8.0_302)
[debug]       Load.loadUnit: plugins took 129.475501ms
[debug]       Load.loadUnit: defsScala took 0.5455ms
[debug] [Loading] Scanning directory C:\Users\ragav\.sbt\1.0\plugins
[debug] [Loading] Found non-root projects 
[debug] [Loading] Done in C:\Users\ragav\.sbt\1.0\plugins, returning: ()
[debug] deducing auto plugins based on known facts Set(Atom(sbt.plugins.CorePlugin)) and clauses Clauses(Clause(Atom(sbt.plugins.JvmPlugin),Set(Atom(sbt.plugins.IvyPlugin)))
[debug] Clause(Atom(sbt.ScriptedPlugin),Set(Atom(sbt.plugins.JvmPlugin)))
[debug] Clause(Atom(sbt.plugins.SbtPlugin),Set(Atom(sbt.ScriptedPlugin)))
[debug] Clause(Atom(sbt.plugins.SemanticdbPlugin),Set(Atom(sbt.plugins.JvmPlugin)))
[debug] Clause(Atom(sbt.plugins.JUnitXmlReportPlugin),Set(Atom(sbt.plugins.JvmPlugin)))
[debug] Clause(Atom(sbt.plugins.MiniDependencyTreePlugin),Set(Atom(sbt.plugins.JvmPlugin)))
[debug] Clause(Atom(sbt.plugins.CorePlugin),Set(Atom(sbt.plugins.IvyPlugin)))
[debug] Clause(Atom(sbt.plugins.IvyPlugin),Set(Atom(sbt.plugins.JvmPlugin)))
[debug] Clause(Atom(sbt.plugins.JvmPlugin),Set(Atom(sbt.plugins.SemanticdbPlugin)))
[debug] Clause(Atom(sbt.plugins.JvmPlugin),Set(Atom(sbt.plugins.JUnitXmlReportPlugin)))
[debug] Clause(Atom(sbt.plugins.CorePlugin),Set(Atom(sbt.plugins.Giter8TemplatePlugin)))
[debug] Clause(Atom(sbt.plugins.JvmPlugin),Set(Atom(sbt.plugins.MiniDependencyTreePlugin))))
[debug]   :: deduced result: Matched(sbt.plugins.CorePlugin,sbt.plugins.Giter8TemplatePlugin,sbt.plugins.IvyPlugin,sbt.plugins.JvmPlugin,sbt.plugins.MiniDependencyTreePlugin,sbt.plugins.JUnitXmlReportPlugin,sbt.plugins.SemanticdbPlugin)
[debug] Plugins.deducer#function took 44.992699 ms
[debug]           Load.resolveProject(global-plugins) took 80.5764ms
[debug]         Load.loadTransitive: finalizeProject(Project(id global-plugins, base: C:\Users\ragav\.sbt\1.0\plugins, plugins: List(<none>))) took 172.438199ms
[debug] [Loading] Done in C:\Users\ragav\.sbt\1.0\plugins, returning: (global-plugins)
[debug]       Load.loadUnit: loadedProjectsRaw took 210.281899ms
[debug]       Load.loadUnit: cleanEvalClasses took 0.5005ms
[debug]     Load.loadUnit(file:/C:/Users/ragav/.sbt/1.0/plugins/, ...) took 353.1171ms
[debug]   Load.apply: load took 722.1862ms
[debug]   Load.apply: resolveProjects took 10.0966ms
[debug]   Load.apply: finalTransforms took 98.047699ms
[debug]   Load.apply: config.delegates took 14.161799ms
[debug]   Load.apply: Def.make(settings)... took 570.0787ms
[debug]   Load.apply: structureIndex took 141.4738ms
[debug]   Load.apply: mkStreams took 2.5586ms
[info] loading global plugins from C:\Users\ragav\.sbt\1.0\plugins
[debug] Running task... Cancel: Signal, check cycles: false, forcegc: true
[debug] Load.defaultLoad until apply took 3601.6154ms
[debug]           Load.loadUnit: plugins took 35.1555ms
[debug]           Load.loadUnit: defsScala took 0.0052ms
[debug] [Loading] Scanning directory C:\Users\ragav\Downloads\homework_3\project
[debug]             Load.loadUnit: mkEval took 9.588501ms
[debug] [Loading] Found non-root projects 
[debug] [Loading] Done in C:\Users\ragav\Downloads\homework_3\project, returning: ()
[debug] deducing auto plugins based on known facts Set(Atom(sbt.plugins.CorePlugin)) and clauses Clauses(Clause(Atom(sbt.plugins.JvmPlugin),Set(Atom(sbt.plugins.IvyPlugin)))
[debug] Clause(Atom(sbt.ScriptedPlugin),Set(Atom(sbt.plugins.JvmPlugin)))
[debug] Clause(Atom(sbt.plugins.SbtPlugin),Set(Atom(sbt.ScriptedPlugin)))
[debug] Clause(Atom(sbt.plugins.SemanticdbPlugin),Set(Atom(sbt.plugins.JvmPlugin)))
[debug] Clause(Atom(sbt.plugins.JUnitXmlReportPlugin),Set(Atom(sbt.plugins.JvmPlugin)))
[debug] Clause(Atom(sbt.plugins.MiniDependencyTreePlugin),Set(Atom(sbt.plugins.JvmPlugin)))
[debug] Clause(Atom(sbt.plugins.CorePlugin),Set(Atom(sbt.plugins.IvyPlugin)))
[debug] Clause(Atom(sbt.plugins.IvyPlugin),Set(Atom(sbt.plugins.JvmPlugin)))
[debug] Clause(Atom(sbt.plugins.JvmPlugin),Set(Atom(sbt.plugins.SemanticdbPlugin)))
[debug] Clause(Atom(sbt.plugins.JvmPlugin),Set(Atom(sbt.plugins.JUnitXmlReportPlugin)))
[debug] Clause(Atom(sbt.plugins.CorePlugin),Set(Atom(sbt.plugins.Giter8TemplatePlugin)))
[debug] Clause(Atom(sbt.plugins.JvmPlugin),Set(Atom(sbt.plugins.MiniDependencyTreePlugin))))
[debug]   :: deduced result: Matched(sbt.plugins.CorePlugin,sbt.plugins.Giter8TemplatePlugin,sbt.plugins.IvyPlugin,sbt.plugins.JvmPlugin,sbt.plugins.MiniDependencyTreePlugin,sbt.plugins.JUnitXmlReportPlugin,sbt.plugins.SemanticdbPlugin)
[debug] Plugins.deducer#function took 4.657001 ms
[info] loading settings for project homework_3-build from assembly.sbt,scalapb.sbt,idea.sbt ...
[debug]               Load.resolveProject(homework_3-build) took 4.1385ms
[debug]             Load.loadTransitive: finalizeProject(Project(id homework_3-build, base: C:\Users\ragav\Downloads\homework_3\project, plugins: List(<none>))) took 9.6153ms
[debug] [Loading] Done in C:\Users\ragav\Downloads\homework_3\project, returning: (homework_3-build)
[debug]           Load.loadUnit: loadedProjectsRaw took 3510.5978ms
[debug]           Load.loadUnit: cleanEvalClasses took 7.6928ms
[debug]         Load.loadUnit(file:/C:/Users/ragav/Downloads/homework_3/project/, ...) took 3555.0237ms
[debug]       Load.apply: load took 3557.1241ms
[debug]       Load.apply: resolveProjects took 0.187501ms
[debug]       Load.apply: finalTransforms took 11.5422ms
[debug]       Load.apply: config.delegates took 0.4313ms
[debug]       Load.apply: Def.make(settings)... took 125.5344ms
[debug]       Load.apply: structureIndex took 38.324ms
[debug]       Load.apply: mkStreams took 0.003599ms
[info] loading project definition from C:\Users\ragav\Downloads\homework_3\project
[debug] Running task... Cancel: Signal, check cycles: false, forcegc: true
[warn] Unrecognized repository Scala Plugin Bundled Repository, ignoring it
[debug]     Load.loadUnit: plugins took 6430.738601ms
[debug]     Load.loadUnit: defsScala took 0.003501ms
[debug] [Loading] Scanning directory C:\Users\ragav\Downloads\homework_3
[debug]       Load.loadUnit: mkEval took 0.3128ms
[debug] Type error in expression
[debug] 	at sbt.compiler.Eval.checkError(Eval.scala:487)
[debug] 	at sbt.compiler.Eval.compileAndLoad(Eval.scala:262)
[debug] 	at sbt.compiler.Eval.evalCommon(Eval.scala:223)
[debug] 	at sbt.compiler.Eval.evalDefinitions(Eval.scala:164)
[debug] 	at sbt.internal.EvaluateConfigurations$.evaluateDefinitions(EvaluateConfigurations.scala:326)
[debug] 	at sbt.internal.EvaluateConfigurations$.evaluateSbtFile(EvaluateConfigurations.scala:152)
[debug] 	at sbt.internal.Load$.loadSettingsFile$1(Load.scala:1107)
[debug] 	at sbt.internal.Load$.$anonfun$discoverProjects$2(Load.scala:1117)
[debug] 	at scala.collection.MapLike.getOrElse(MapLike.scala:131)
[debug] 	at scala.collection.MapLike.getOrElse$(MapLike.scala:129)
[debug] 	at scala.collection.AbstractMap.getOrElse(Map.scala:65)
[debug] 	at sbt.internal.Load$.memoLoadSettingsFile$1(Load.scala:1116)
[debug] 	at sbt.internal.Load$.$anonfun$discoverProjects$4(Load.scala:1124)
[debug] 	at scala.collection.immutable.List.map(List.scala:293)
[debug] 	at sbt.internal.Load$.loadFiles$1(Load.scala:1124)
[debug] 	at sbt.internal.Load$.discoverProjects(Load.scala:1138)
[debug] 	at sbt.internal.Load$.discover$1(Load.scala:890)
[debug] 	at sbt.internal.Load$.loadTransitive(Load.scala:944)
[debug] 	at sbt.internal.Load$.loadProjects$1(Load.scala:727)
[debug] 	at sbt.internal.Load$.$anonfun$loadUnit$11(Load.scala:730)
[debug] 	at sbt.internal.Load$.timed(Load.scala:1393)
[debug] 	at sbt.internal.Load$.$anonfun$loadUnit$1(Load.scala:730)
[debug] 	at sbt.internal.Load$.timed(Load.scala:1393)
[debug] 	at sbt.internal.Load$.loadUnit(Load.scala:689)
[debug] 	at sbt.internal.Load$.$anonfun$builtinLoader$4(Load.scala:487)
[debug] 	at sbt.internal.BuildLoader$.$anonfun$componentLoader$5(BuildLoader.scala:180)
[debug] 	at sbt.internal.BuildLoader.apply(BuildLoader.scala:245)
[debug] 	at sbt.internal.Load$.loadURI$1(Load.scala:549)
[debug] 	at sbt.internal.Load$.loadAll(Load.scala:565)
[debug] 	at sbt.internal.Load$.loadURI(Load.scala:495)
[debug] 	at sbt.internal.Load$.load(Load.scala:474)
[debug] 	at sbt.internal.Load$.$anonfun$apply$1(Load.scala:243)
[debug] 	at sbt.internal.Load$.timed(Load.scala:1393)
[debug] 	at sbt.internal.Load$.apply(Load.scala:243)
[debug] 	at sbt.internal.Load$.defaultLoad(Load.scala:56)
[debug] 	at sbt.BuiltinCommands$.liftedTree1$1(Main.scala:959)
[debug] 	at sbt.BuiltinCommands$.doLoadProject(Main.scala:959)
[debug] 	at sbt.BuiltinCommands$.$anonfun$loadProjectImpl$2(Main.scala:912)
[debug] 	at sbt.Command$.$anonfun$applyEffect$4(Command.scala:150)
[debug] 	at sbt.Command$.$anonfun$applyEffect$2(Command.scala:145)
[debug] 	at sbt.Command$.process(Command.scala:189)
[debug] 	at sbt.MainLoop$.$anonfun$processCommand$5(MainLoop.scala:245)
[debug] 	at scala.Option.getOrElse(Option.scala:189)
[debug] 	at sbt.MainLoop$.process$1(MainLoop.scala:245)
[debug] 	at sbt.MainLoop$.processCommand(MainLoop.scala:278)
[debug] 	at sbt.MainLoop$.$anonfun$next$5(MainLoop.scala:163)
[debug] 	at sbt.State$StateOpsImpl$.runCmd$1(State.scala:289)
[debug] 	at sbt.State$StateOpsImpl$.process$extension(State.scala:325)
[debug] 	at sbt.MainLoop$.$anonfun$next$4(MainLoop.scala:163)
[debug] 	at sbt.internal.util.ErrorHandling$.wideConvert(ErrorHandling.scala:23)
[debug] 	at sbt.MainLoop$.next(MainLoop.scala:163)
[debug] 	at sbt.MainLoop$.run(MainLoop.scala:144)
[debug] 	at sbt.MainLoop$.$anonfun$runWithNewLog$1(MainLoop.scala:119)
[debug] 	at sbt.io.Using.apply(Using.scala:27)
[debug] 	at sbt.MainLoop$.runWithNewLog(MainLoop.scala:112)
[debug] 	at sbt.MainLoop$.runAndClearLast(MainLoop.scala:66)
[debug] 	at sbt.MainLoop$.runLoggedLoop(MainLoop.scala:51)
[debug] 	at sbt.MainLoop$.runLogged(MainLoop.scala:42)
[debug] 	at sbt.StandardMain$.runManaged(Main.scala:218)
[debug] 	at sbt.xMain$.$anonfun$run$11(Main.scala:133)
[debug] 	at scala.util.DynamicVariable.withValue(DynamicVariable.scala:62)
[debug] 	at scala.Console$.withIn(Console.scala:230)
[debug] 	at sbt.internal.util.Terminal$.withIn(Terminal.scala:569)
[debug] 	at sbt.internal.util.Terminal$.$anonfun$withStreams$1(Terminal.scala:350)
[debug] 	at scala.util.DynamicVariable.withValue(DynamicVariable.scala:62)
[debug] 	at scala.Console$.withOut(Console.scala:167)
[debug] 	at sbt.internal.util.Terminal$.$anonfun$withOut$2(Terminal.scala:559)
[debug] 	at scala.util.DynamicVariable.withValue(DynamicVariable.scala:62)
[debug] 	at scala.Console$.withErr(Console.scala:196)
[debug] 	at sbt.internal.util.Terminal$.withOut(Terminal.scala:559)
[debug] 	at sbt.internal.util.Terminal$.withStreams(Terminal.scala:350)
[debug] 	at sbt.xMain$.withStreams$1(Main.scala:87)
[debug] 	at sbt.xMain$.run(Main.scala:121)
[debug] 	at sun.reflect.NativeMethodAccessorImpl.invoke0(Native Method)
[debug] 	at sun.reflect.NativeMethodAccessorImpl.invoke(NativeMethodAccessorImpl.java:62)
[debug] 	at sun.reflect.DelegatingMethodAccessorImpl.invoke(DelegatingMethodAccessorImpl.java:43)
[debug] 	at java.lang.reflect.Method.invoke(Method.java:498)
[debug] 	at sbt.internal.XMainConfiguration.run(XMainConfiguration.java:56)
[debug] 	at sbt.xMain.run(Main.scala:46)
[debug] 	at xsbt.boot.Launch$.$anonfun$run$1(Launch.scala:149)
[debug] 	at xsbt.boot.Launch$.withContextLoader(Launch.scala:176)
[debug] 	at xsbt.boot.Launch$.run(Launch.scala:149)
[debug] 	at xsbt.boot.Launch$.$anonfun$apply$1(Launch.scala:44)
[debug] 	at xsbt.boot.Launch$.launch(Launch.scala:159)
[debug] 	at xsbt.boot.Launch$.apply(Launch.scala:44)
[debug] 	at xsbt.boot.Launch$.apply(Launch.scala:21)
[debug] 	at xsbt.boot.Boot$.runImpl(Boot.scala:78)
[debug] 	at xsbt.boot.Boot$.run(Boot.scala:73)
[debug] 	at xsbt.boot.Boot$.main(Boot.scala:21)
[debug] 	at xsbt.boot.Boot.main(Boot.scala)
[error] sbt.compiler.EvalException: Type error in expression
[error] sbt.compiler.EvalException: Type error in expression
[error] Use 'last' for the full log.
[debug] > Exec(loadFailed, None, None)
[warn] Project loading failed: (r)etry, (q)uit, (l)ast, or (i)gnore? (default: r)
